<?xml version="1.0" encoding="UTF-8"?>
<testng-results skipped="0" failed="1" ignored="0" total="3" passed="2">
  <reporter-output>
  </reporter-output>
  <suite name="Default suite" duration-ms="8642" started-at="2020-06-20T08:42:19 BST" finished-at="2020-06-20T08:42:27 BST">
    <groups>
    </groups>
    <test name="Default test" duration-ms="8642" started-at="2020-06-20T08:42:19 BST" finished-at="2020-06-20T08:42:27 BST">
      <class name="auntomation.project1.FisrtTest">
        <test-method status="FAIL" signature="browserintialization()[pri:0, instance:auntomation.project1.FisrtTest@5d76b067]" name="browserintialization" duration-ms="8585" started-at="2020-06-20T08:42:19 BST" finished-at="2020-06-20T08:42:27 BST">
          <exception class="java.lang.NullPointerException">
            <full-stacktrace>
              <![CDATA[java.lang.NullPointerException
at auntomation.project1.pages.LandingPage.clickSignIn(LandingPage.java:16)
at auntomation.project1.FisrtTest.browserintialization(FisrtTest.java:18)
at sun.reflect.NativeMethodAccessorImpl.invoke0(Native Method)
at sun.reflect.NativeMethodAccessorImpl.invoke(Unknown Source)
at sun.reflect.DelegatingMethodAccessorImpl.invoke(Unknown Source)
at java.lang.reflect.Method.invoke(Unknown Source)
at org.testng.internal.MethodInvocationHelper.invokeMethod(MethodInvocationHelper.java:134)
at org.testng.internal.TestInvoker.invokeMethod(TestInvoker.java:597)
at org.testng.internal.TestInvoker.invokeTestMethod(TestInvoker.java:173)
at org.testng.internal.MethodRunner.runInSequence(MethodRunner.java:46)
at org.testng.internal.TestInvoker$MethodInvocationAgent.invoke(TestInvoker.java:816)
at org.testng.internal.TestInvoker.invokeTestMethods(TestInvoker.java:146)
at org.testng.internal.TestMethodWorker.invokeTestMethods(TestMethodWorker.java:146)
at org.testng.internal.TestMethodWorker.run(TestMethodWorker.java:128)
at java.util.ArrayList.forEach(Unknown Source)
at org.testng.TestRunner.privateRun(TestRunner.java:766)
at org.testng.TestRunner.run(TestRunner.java:587)
at org.testng.SuiteRunner.runTest(SuiteRunner.java:384)
at org.testng.SuiteRunner.runSequentially(SuiteRunner.java:378)
at org.testng.SuiteRunner.privateRun(SuiteRunner.java:337)
at org.testng.SuiteRunner.run(SuiteRunner.java:286)
at org.testng.SuiteRunnerWorker.runSuite(SuiteRunnerWorker.java:53)
at org.testng.SuiteRunnerWorker.run(SuiteRunnerWorker.java:96)
at org.testng.TestNG.runSuitesSequentially(TestNG.java:1187)
at org.testng.TestNG.runSuitesLocally(TestNG.java:1109)
at org.testng.TestNG.runSuites(TestNG.java:1039)
at org.testng.TestNG.run(TestNG.java:1007)
at org.testng.remote.AbstractRemoteTestNG.run(AbstractRemoteTestNG.java:115)
at org.testng.remote.RemoteTestNG.initAndRun(RemoteTestNG.java:251)
at org.testng.remote.RemoteTestNG.main(RemoteTestNG.java:77)
]]>
            </full-stacktrace>
          </exception> <!-- java.lang.NullPointerException -->
          <reporter-output>
          </reporter-output>
        </test-method> <!-- browserintialization -->
        <test-method status="PASS" signature="logIn()[pri:0, instance:auntomation.project1.FisrtTest@5d76b067]" name="logIn" duration-ms="3" started-at="2020-06-20T08:42:27 BST" finished-at="2020-06-20T08:42:27 BST">
          <reporter-output>
          </reporter-output>
        </test-method> <!-- logIn -->
        <test-method status="PASS" signature="logout()[pri:0, instance:auntomation.project1.FisrtTest@5d76b067]" name="logout" duration-ms="1" started-at="2020-06-20T08:42:27 BST" finished-at="2020-06-20T08:42:27 BST">
          <reporter-output>
          </reporter-output>
        </test-method> <!-- logout -->
      </class> <!-- auntomation.project1.FisrtTest -->
    </test> <!-- Default test -->
  </suite> <!-- Default suite -->
</testng-results>
