<?xml version="1.0" encoding="UTF-8"?>
<!-- Generated by org.testng.reporters.JUnitXMLReporter -->
<testsuite hostname="LAPTOP-MOPK3QRH" ignored="0" name="Test" tests="9" failures="0" timestamp="2020-06-19T23:34:26 BST" time="23.068" errors="0">
  <testcase name="browserintialization" time="8.225" classname="auntomation.project1.FisrtTest"/>
  <testcase name="logIn" time="0.001" classname="auntomation.project1.FisrtTest"/>
  <testcase name="logout" time="0.001" classname="auntomation.project1.FisrtTest"/>
  <testcase name="browserintialization" time="7.436" classname="auntomation.project1.FisrtTest2"/>
  <testcase name="logIn" time="0.001" classname="auntomation.project1.FisrtTest2"/>
  <testcase name="logout" time="0.001" classname="auntomation.project1.FisrtTest2"/>
  <testcase name="browserintialization" time="7.33" classname="auntomation.project1.FisrtTest3"/>
  <testcase name="logIn" time="0.001" classname="auntomation.project1.FisrtTest3"/>
  <testcase name="logout" time="0.001" classname="auntomation.project1.FisrtTest3"/>
</testsuite> <!-- Test -->
